g:\projet\pullgithub\dllobj\dllobj\dllobj\debug\dllobj.pch
g:\projet\pullgithub\dllobj\dllobj\dllobj\debug\vc141.pdb
g:\projet\pullgithub\dllobj\dllobj\dllobj\debug\vc141.idb
g:\projet\pullgithub\dllobj\dllobj\dllobj\debug\stdafx.obj
g:\projet\pullgithub\dllobj\dllobj\dllobj\debug\vertex.obj
g:\projet\pullgithub\dllobj\dllobj\dllobj\debug\objmodel.obj
g:\projet\pullgithub\dllobj\dllobj\dllobj\debug\obj.obj
g:\projet\pullgithub\dllobj\dllobj\dllobj\debug\face.obj
g:\projet\pullgithub\dllobj\dllobj\dllobj\debug\dllobj.obj
g:\projet\pullgithub\dllobj\dllobj\dllobj\debug\dllmain.obj
g:\projet\pullgithub\dllobj\dllobj\debug\dllobj.pdb
g:\projet\pullgithub\dllobj\dllobj\dllobj\debug\dllobj.tlog\cl.command.1.tlog
g:\projet\pullgithub\dllobj\dllobj\dllobj\debug\dllobj.tlog\cl.read.1.tlog
g:\projet\pullgithub\dllobj\dllobj\dllobj\debug\dllobj.tlog\cl.write.1.tlog
g:\projet\pullgithub\dllobj\dllobj\dllobj\debug\dllobj.tlog\link-cvtres.read.1.tlog
g:\projet\pullgithub\dllobj\dllobj\dllobj\debug\dllobj.tlog\link-cvtres.write.1.tlog
g:\projet\pullgithub\dllobj\dllobj\dllobj\debug\dllobj.tlog\link-rc.read.1.tlog
g:\projet\pullgithub\dllobj\dllobj\dllobj\debug\dllobj.tlog\link-rc.write.1.tlog
g:\projet\pullgithub\dllobj\dllobj\dllobj\debug\dllobj.tlog\link.command.1.tlog
g:\projet\pullgithub\dllobj\dllobj\dllobj\debug\dllobj.tlog\link.read.1.tlog
g:\projet\pullgithub\dllobj\dllobj\dllobj\debug\dllobj.tlog\link.write.1.tlog
